<?xml version="1.0" encoding="UTF-8"?>
<testng-results ignored="0" total="1" passed="1" failed="0" skipped="0">
  <reporter-output>
  </reporter-output>
  <suite started-at="2023-10-02T14:16:03Z" name="Default suite" finished-at="2023-10-02T14:16:28Z" duration-ms="25387">
    <groups>
    </groups>
    <test started-at="2023-10-02T14:16:03Z" name="Default test" finished-at="2023-10-02T14:16:28Z" duration-ms="25387">
      <class name="com.ibt.automationcore.BaseUtils">
        <test-method is-config="true" signature="beforeSuite()[pri:0, instance:com.ibt.automationcore.BaseUtils@932bc4a]" started-at="2023-10-02T19:46:02Z" name="beforeSuite" finished-at="2023-10-02T19:46:03Z" duration-ms="359" status="PASS">
          <reporter-output>
          </reporter-output>
        </test-method> <!-- beforeSuite -->
        <test-method signature="login()[pri:0, instance:com.ibt.automationcore.BaseUtils@932bc4a]" started-at="2023-10-02T19:46:03Z" name="login" finished-at="2023-10-02T19:46:28Z" duration-ms="25368" status="PASS">
          <reporter-output>
          </reporter-output>
        </test-method> <!-- login -->
        <test-method is-config="true" signature="afterSuite()[pri:0, instance:com.ibt.automationcore.BaseUtils@932bc4a]" started-at="2023-10-02T19:46:28Z" name="afterSuite" finished-at="2023-10-02T19:46:28Z" duration-ms="0" status="PASS">
          <reporter-output>
          </reporter-output>
        </test-method> <!-- afterSuite -->
      </class> <!-- com.ibt.automationcore.BaseUtils -->
    </test> <!-- Default test -->
  </suite> <!-- Default suite -->
</testng-results>
